{"timestamp":"2026-02-12T13:18:52.334Z","event":"paystack.initialize.request","orderId":42,"reference":"PAY-42-1770902332332","payload":{"email":"test@example.com","amount":250000,"reference":"PAY-42-1770902332332","callback_url":"https://echisolar.com/verify-payment?gateway=paystack","metadata":{"order_id":42}}}
{"timestamp":"2026-02-12T13:18:52.342Z","event":"paystack.initialize.success","reference":"PAY-42-1770902332332","authorization_url":"https://paystack.test/redirect"}
{"timestamp":"2026-02-12T13:18:52.346Z","event":"flutterwave.initialize.request","orderId":77,"reference":"FLW-77-1770902332346","payload":{"tx_ref":"FLW-77-1770902332346","amount":"1500.00","currency":"NGN","redirect_url":"https://echisolar.com/verify-payment?gateway=flutterwave","customer":{"email":"test@example.com"},"meta":{"order_id":77}}}
{"timestamp":"2026-02-12T13:18:52.346Z","event":"flutterwave.initialize.success","reference":"FLW-77-1770902332346","link":"https://flutterwave.test/redirect"}
{"timestamp":"2026-02-17T20:24:48.889Z","event":"initiate.start","orderId":1,"gateway":"flutterwave","email":"stanleyoffor11@gmail.com"}
{"timestamp":"2026-02-17T20:24:48.895Z","event":"flutterwave.initialize.request","orderId":1,"reference":"FLW-1-1771359888893","payload":{"tx_ref":"FLW-1-1771359888893","amount":"20000.00","currency":"NGN","redirect_url":"https://echisolar.com/verify-payment?gateway=flutterwave","customer":{"email":"stanleyoffor11@gmail.com"},"meta":{"order_id":1}}}
{"timestamp":"2026-02-17T20:24:49.249Z","event":"flutterwave.initialize.success","reference":"FLW-1-1771359888893","link":"https://checkout-v2.dev-flutterwave.com/v3/hosted/pay/a91bb584c1beb6b6b73b"}
{"timestamp":"2026-02-17T20:24:49.268Z","event":"checkout.error","error":"value.toFixed is not a function"}
{"timestamp":"2026-02-17T20:29:04.556Z","event":"initiate.start","orderId":2,"gateway":"flutterwave","email":"stanleyoffor11@gmail.com"}
{"timestamp":"2026-02-17T20:29:04.558Z","event":"flutterwave.initialize.request","orderId":2,"reference":"FLW-2-1771360144556","payload":{"tx_ref":"FLW-2-1771360144556","amount":"10000.00","currency":"NGN","redirect_url":"https://echisolar.com/verify-payment?gateway=flutterwave","customer":{"email":"stanleyoffor11@gmail.com"},"meta":{"order_id":2,"installment":1}}}
{"timestamp":"2026-02-17T20:29:04.942Z","event":"flutterwave.initialize.success","reference":"FLW-2-1771360144556","link":"https://checkout-v2.dev-flutterwave.com/v3/hosted/pay/60bb935091efc7158584"}
{"timestamp":"2026-02-17T20:29:04.945Z","event":"checkout.error","error":"value.toFixed is not a function"}
{"timestamp":"2026-02-18T07:51:59.557Z","event":"initiate.start","orderId":3,"gateway":"flutterwave","email":"stanleyoffor11@gmail.com"}
{"timestamp":"2026-02-18T07:51:59.561Z","event":"flutterwave.initialize.request","orderId":3,"reference":"FLW-3-1771401119559","payload":{"tx_ref":"FLW-3-1771401119559","amount":"10000.00","currency":"NGN","redirect_url":"https://echisolar.com/verify-payment?gateway=flutterwave","customer":{"email":"stanleyoffor11@gmail.com"},"meta":{"order_id":3,"installment":1}}}
{"timestamp":"2026-02-18T07:51:59.920Z","event":"flutterwave.initialize.success","reference":"FLW-3-1771401119559","link":"https://checkout-v2.dev-flutterwave.com/v3/hosted/pay/ba362974b36f4e7ddc60"}
{"timestamp":"2026-02-18T07:57:29.750Z","event":"initiate.start","orderId":4,"gateway":"flutterwave","email":"stanleyoffor11@gmail.com"}
{"timestamp":"2026-02-18T07:57:29.752Z","event":"flutterwave.initialize.request","orderId":4,"reference":"FLW-4-1771401449751","payload":{"tx_ref":"FLW-4-1771401449751","amount":"20000.00","currency":"NGN","redirect_url":"https://echisolar.com/verify-payment?gateway=flutterwave","customer":{"email":"stanleyoffor11@gmail.com"},"meta":{"order_id":4}}}
{"timestamp":"2026-02-18T07:57:30.090Z","event":"flutterwave.initialize.success","reference":"FLW-4-1771401449751","link":"https://checkout-v2.dev-flutterwave.com/v3/hosted/pay/02ee4606a48e3107a71c"}
{"timestamp":"2026-02-18T07:59:42.006Z","event":"initiate.start","orderId":5,"gateway":"flutterwave","email":"stanleyoffor11@gmail.com"}
{"timestamp":"2026-02-18T07:59:42.008Z","event":"flutterwave.initialize.request","orderId":5,"reference":"FLW-5-1771401582006","payload":{"tx_ref":"FLW-5-1771401582006","amount":"20000.00","currency":"NGN","redirect_url":"https://echisolar.com/verify-payment?gateway=flutterwave","customer":{"email":"stanleyoffor11@gmail.com"},"meta":{"order_id":5}}}
{"timestamp":"2026-02-18T07:59:42.343Z","event":"flutterwave.initialize.success","reference":"FLW-5-1771401582006","link":"https://checkout-v2.dev-flutterwave.com/v3/hosted/pay/f7f5b9d6c760bcdc2935"}
{"timestamp":"2026-02-18T08:13:27.029Z","event":"initiate.start","orderId":6,"gateway":"flutterwave","email":"offorstanley4real@gmail.com"}
{"timestamp":"2026-02-18T08:13:27.032Z","event":"flutterwave.initialize.request","orderId":6,"reference":"FLW-6-1771402407031","payload":{"tx_ref":"FLW-6-1771402407031","amount":"20000.00","currency":"NGN","redirect_url":"https://echisolar.com/verify-payment?gateway=flutterwave","customer":{"email":"offorstanley4real@gmail.com"},"meta":{"order_id":6}}}
{"timestamp":"2026-02-18T08:13:27.357Z","event":"flutterwave.initialize.success","reference":"FLW-6-1771402407031","link":"https://checkout-v2.dev-flutterwave.com/v3/hosted/pay/f000e153edde04c26579"}
{"timestamp":"2026-02-18T08:55:26.219Z","event":"initiate.start","orderId":7,"gateway":"flutterwave","email":"stanleyoffor11@gmail.com"}
{"timestamp":"2026-02-18T08:55:26.224Z","event":"flutterwave.initialize.request","orderId":7,"reference":"FLW-7-1771404926221","payload":{"tx_ref":"FLW-7-1771404926221","amount":20000,"currency":"NGN","redirect_url":"https://api.echisolar.com/verify-payment?gateway=flutterwave","customer":{"email":"stanleyoffor11@gmail.com"},"meta":{"order_id":7}}}
{"timestamp":"2026-02-18T08:55:26.684Z","event":"flutterwave.initialize.success","reference":"FLW-7-1771404926221","link":"https://checkout-v2.dev-flutterwave.com/v3/hosted/pay/a5d1b2d0f335fc79f824"}
{"timestamp":"2026-02-18T09:10:38.728Z","event":"initiate.start","orderId":8,"gateway":"flutterwave","email":"stanleyoffor11@gmail.com"}
{"timestamp":"2026-02-18T09:10:38.729Z","event":"flutterwave.initialize.request","orderId":8,"reference":"FLW-8-1771405838728","payload":{"tx_ref":"FLW-8-1771405838728","amount":20000,"currency":"NGN","redirect_url":"https://api.echisolar.com/verify-payment?gateway=flutterwave","customer":{"email":"stanleyoffor11@gmail.com"},"meta":{"order_id":8}}}
{"timestamp":"2026-02-18T09:10:39.054Z","event":"flutterwave.initialize.success","reference":"FLW-8-1771405838728","link":"https://checkout-v2.dev-flutterwave.com/v3/hosted/pay/7e101b1affd81cb0053f"}
{"timestamp":"2026-02-18T09:14:00.432Z","event":"initiate.start","orderId":9,"gateway":"flutterwave","email":"stanleyoffor11@gmail.com"}
{"timestamp":"2026-02-18T09:14:00.454Z","event":"flutterwave.initialize.request","orderId":9,"reference":"FLW-9-1771406040432","payload":{"tx_ref":"FLW-9-1771406040432","amount":20000,"currency":"NGN","redirect_url":"https://api.echisolar.com/verify-payment?gateway=flutterwave","customer":{"email":"stanleyoffor11@gmail.com"},"meta":{"order_id":9}}}
{"timestamp":"2026-02-18T09:14:00.801Z","event":"flutterwave.initialize.success","reference":"FLW-9-1771406040432","link":"https://checkout-v2.dev-flutterwave.com/v3/hosted/pay/ea1d02632d4ec1dbeff0"}
{"timestamp":"2026-02-18T09:22:29.012Z","event":"initiate.start","orderId":10,"gateway":"flutterwave","email":"stanleyoffor11@gmail.com"}
{"timestamp":"2026-02-18T09:22:29.013Z","event":"flutterwave.initialize.request","orderId":10,"reference":"FLW-10-1771406549012","payload":{"tx_ref":"FLW-10-1771406549012","amount":20000,"currency":"NGN","redirect_url":"https://api.echisolar.com/verify-payment?gateway=flutterwave","customer":{"email":"stanleyoffor11@gmail.com"},"meta":{"order_id":10}}}
{"timestamp":"2026-02-18T09:22:29.317Z","event":"flutterwave.initialize.success","reference":"FLW-10-1771406549012","link":"https://checkout-v2.dev-flutterwave.com/v3/hosted/pay/0adaad694faa9882414d"}
{"timestamp":"2026-02-18T09:24:50.672Z","event":"initiate.start","orderId":11,"gateway":"flutterwave","email":"stanleyoffor11@gmail.com"}
{"timestamp":"2026-02-18T09:24:50.676Z","event":"flutterwave.initialize.request","orderId":11,"reference":"FLW-11-1771406690672","payload":{"tx_ref":"FLW-11-1771406690672","amount":20000,"currency":"NGN","redirect_url":"https://api.echisolar.com/verify-payment?gateway=flutterwave","customer":{"email":"stanleyoffor11@gmail.com"},"meta":{"order_id":11}}}
{"timestamp":"2026-02-18T09:24:51.005Z","event":"flutterwave.initialize.success","reference":"FLW-11-1771406690672","link":"https://checkout-v2.dev-flutterwave.com/v3/hosted/pay/5dc0df1059b4d43c6dae"}
{"timestamp":"2026-02-18T10:01:31.122Z","event":"initiate.start","orderId":12,"gateway":"flutterwave","email":"stanleyoffor11@gmail.com"}
{"timestamp":"2026-02-18T10:01:31.124Z","event":"flutterwave.initialize.request","orderId":12,"reference":"FLW-12-1771408891123","payload":{"tx_ref":"FLW-12-1771408891123","amount":20000,"currency":"NGN","redirect_url":"https://api.echisolar.com/verify-payment?gateway=flutterwave","customer":{"email":"stanleyoffor11@gmail.com"},"meta":{"order_id":12}}}
{"timestamp":"2026-02-18T10:01:31.438Z","event":"flutterwave.initialize.success","reference":"FLW-12-1771408891123","link":"https://checkout-v2.dev-flutterwave.com/v3/hosted/pay/7234651b34e53bc859e3"}
{"timestamp":"2026-02-18T10:13:44.637Z","event":"initiate.start","orderId":13,"gateway":"flutterwave","email":"stanleyoffor11@gmail.com"}
{"timestamp":"2026-02-18T10:13:44.639Z","event":"flutterwave.initialize.request","orderId":13,"reference":"FLW-13-1771409624637","payload":{"tx_ref":"FLW-13-1771409624637","amount":20000,"currency":"NGN","redirect_url":"https://api.echisolar.com/verify-payment?gateway=flutterwave","customer":{"email":"stanleyoffor11@gmail.com"},"meta":{"order_id":13}}}
{"timestamp":"2026-02-18T10:13:44.988Z","event":"flutterwave.initialize.success","reference":"FLW-13-1771409624637","link":"https://checkout-v2.dev-flutterwave.com/v3/hosted/pay/3b3682d0a3c1174b4adb"}
{"timestamp":"2026-02-18T10:37:16.563Z","event":"initiate.start","orderId":14,"gateway":"flutterwave","email":"stanleyoffor11@gmail.com"}
{"timestamp":"2026-02-18T10:37:16.571Z","event":"flutterwave.initialize.request","orderId":14,"reference":"FLW-14-1771411036566","payload":{"tx_ref":"FLW-14-1771411036566","amount":20000,"currency":"NGN","redirect_url":"https://api.echisolar.com/verify-payment?gateway=flutterwave","customer":{"email":"stanleyoffor11@gmail.com"},"meta":{"order_id":14}}}
{"timestamp":"2026-02-18T10:37:16.959Z","event":"flutterwave.initialize.success","reference":"FLW-14-1771411036566","link":"https://checkout-v2.dev-flutterwave.com/v3/hosted/pay/31e0bef1e128b519bd27"}
{"timestamp":"2026-02-18T10:37:36.225Z","event":"verify.start","reference":"10026271","gateway":"flutterwave"}
{"timestamp":"2026-02-18T10:37:36.226Z","event":"flutterwave.verify.request","reference":"10026271"}
{"timestamp":"2026-02-18T10:37:36.553Z","event":"flutterwave.verify.success","reference":"FLW-14-1771411036566","verification_identifier":"10026271","isSuccessful":true}
{"timestamp":"2026-02-18T13:45:10.739Z","event":"plan.create.start","gateway":"flutterwave","input":{"name":"EchiSolar Order #15 (2 months)","amount":10000,"interval":"monthly","currency":"NGN","duration":2,"invoiceLimit":2}}
{"timestamp":"2026-02-18T13:45:10.751Z","event":"flutterwave.plan.create.request","payload":{"name":"EchiSolar Order #15 (2 months)","amount":10000,"interval":"monthly","currency":"NGN","duration":2}}
{"timestamp":"2026-02-18T13:45:11.193Z","event":"flutterwave.plan.create.success","id":229975}
{"timestamp":"2026-02-18T13:45:11.274Z","event":"initiate.start","orderId":15,"gateway":"flutterwave","email":"offorstanley4real@gmail.com"}
{"timestamp":"2026-02-18T13:45:11.341Z","event":"flutterwave.initialize.request","orderId":15,"reference":"FLW-15-1771422311275","payload":{"tx_ref":"FLW-15-1771422311275","amount":10000,"currency":"NGN","redirect_url":"https://api.echisolar.com/verify-payment?gateway=flutterwave","customer":{"email":"offorstanley4real@gmail.com"},"meta":{"order_id":15,"installment":1,"installment_months":2,"subscription_plan_id":"229975"},"payment_plan":"229975"}}
{"timestamp":"2026-02-18T13:45:11.649Z","event":"flutterwave.initialize.success","reference":"FLW-15-1771422311275","link":"https://checkout-v2.dev-flutterwave.com/v3/hosted/pay/07feb7cd438882c9c050"}
{"timestamp":"2026-02-18T13:46:38.132Z","event":"verify.start","reference":"FLW-15-1771422311275","gateway":"flutterwave"}
{"timestamp":"2026-02-18T13:46:38.133Z","event":"flutterwave.verify.request","reference":"FLW-15-1771422311275"}
{"timestamp":"2026-02-18T13:46:38.678Z","event":"flutterwave.verify.failed","reference":"FLW-15-1771422311275","response":{"status":"error","message":"No transaction was found for this id","data":null}}
{"timestamp":"2026-02-18T13:46:38.678Z","event":"flutterwave.verify.error","reference":"FLW-15-1771422311275","error":"No transaction was found for this id"}
{"timestamp":"2026-02-18T13:46:38.678Z","event":"verify.endpoint.error","reference":"FLW-15-1771422311275","verificationReference":"FLW-15-1771422311275","gateway":"flutterwave","error":"No transaction was found for this id"}
{"timestamp":"2026-02-18T13:47:12.102Z","event":"initiate.start","orderId":16,"gateway":"flutterwave","email":"offorstanley4real@gmail.com"}
{"timestamp":"2026-02-18T13:47:12.109Z","event":"flutterwave.initialize.request","orderId":16,"reference":"FLW-16-1771422432102","payload":{"tx_ref":"FLW-16-1771422432102","amount":20000,"currency":"NGN","redirect_url":"https://api.echisolar.com/verify-payment?gateway=flutterwave","customer":{"email":"offorstanley4real@gmail.com"},"meta":{"order_id":16}}}
{"timestamp":"2026-02-18T13:47:12.504Z","event":"flutterwave.initialize.success","reference":"FLW-16-1771422432102","link":"https://checkout-v2.dev-flutterwave.com/v3/hosted/pay/17c494cab680e6d909e3"}
{"timestamp":"2026-02-18T13:47:33.084Z","event":"verify.start","reference":"10026825","gateway":"flutterwave"}
{"timestamp":"2026-02-18T13:47:33.084Z","event":"flutterwave.verify.request","reference":"10026825"}
{"timestamp":"2026-02-18T13:47:33.435Z","event":"flutterwave.verify.success","reference":"FLW-16-1771422432102","verification_identifier":"10026825","isSuccessful":true}
